2025-10-12 23:14:35,157 INFO o.a.j.u.JMeterUtils: Setting Locale to en_EN
2025-10-12 23:14:35,176 INFO o.a.j.JMeter: Loading user properties from: user.properties
2025-10-12 23:14:35,176 INFO o.a.j.JMeter: Loading system properties from: system.properties
2025-10-12 23:14:35,186 INFO o.a.j.JMeter: Copyright (c) 1998-2024 The Apache Software Foundation
2025-10-12 23:14:35,186 INFO o.a.j.JMeter: Version 5.6.3
2025-10-12 23:14:35,186 INFO o.a.j.JMeter: java.version=25
2025-10-12 23:14:35,186 INFO o.a.j.JMeter: java.vm.name=Java HotSpot(TM) 64-Bit Server VM
2025-10-12 23:14:35,186 INFO o.a.j.JMeter: os.name=Windows 11
2025-10-12 23:14:35,186 INFO o.a.j.JMeter: os.arch=amd64
2025-10-12 23:14:35,187 INFO o.a.j.JMeter: os.version=10.0
2025-10-12 23:14:35,187 INFO o.a.j.JMeter: file.encoding=UTF-8
2025-10-12 23:14:35,187 INFO o.a.j.JMeter: java.awt.headless=null
2025-10-12 23:14:35,187 INFO o.a.j.JMeter: Max memory     =1073741824
2025-10-12 23:14:35,187 INFO o.a.j.JMeter: Available Processors =16
2025-10-12 23:14:35,207 INFO o.a.j.JMeter: Default Locale=English (EN)
2025-10-12 23:14:35,208 INFO o.a.j.JMeter: JMeter  Locale=English (EN)
2025-10-12 23:14:35,208 INFO o.a.j.JMeter: JMeterHome=C:\Users\sujia\OneDrive\Desktop\apache-jmeter-5.6.3\apache-jmeter-5.6.3
2025-10-12 23:14:35,208 INFO o.a.j.JMeter: user.dir  =C:\Users\sujia\OneDrive\Desktop\apache-jmeter-5.6.3\apache-jmeter-5.6.3\bin
2025-10-12 23:14:35,209 INFO o.a.j.JMeter: PWD       =C:\Users\sujia\OneDrive\Desktop\apache-jmeter-5.6.3\apache-jmeter-5.6.3\bin
2025-10-12 23:14:36,269 INFO o.a.j.JMeter: IP: 192.168.1.74 Name: SujiAmar FullName: SujiAmar.home
2025-10-12 23:14:36,299 INFO o.a.j.JMeter: Loaded icon properties from org/apache/jmeter/images/icon.properties
2025-10-12 23:14:36,602 INFO o.a.j.JMeterGuiLauncher: Setting LAF to: laf:javax.swing.plaf.metal.MetalLookAndFeel
